{"contracts/NftMarketplace.sol":{"l":{"55":21,"56":21,"57":0,"59":21,"67":27,"68":27,"69":27,"70":3,"72":24,"76":7,"77":7,"78":7,"80":0,"98":20,"99":1,"101":19,"102":19,"103":1,"105":18,"116":0,"117":0,"123":0,"126":0,"127":0,"132":0,"145":0,"146":0,"158":0,"159":0,"163":1,"164":1,"165":1,"167":0,"168":0,"169":0,"170":0,"179":0,"183":1},"path":"/home/kostis/demos/hardhat-nft-marketplace-fcc/contracts/NftMarketplace.sol","s":{"1":21,"2":21,"3":27,"4":27,"5":27,"6":7,"7":7,"8":20,"9":19,"10":19,"11":18,"12":0,"13":0,"14":0,"15":0,"16":0,"17":1,"18":1,"19":0,"20":0,"21":0,"22":1},"b":{"1":[0,21],"2":[3,24],"3":[7,0],"4":[21,0],"5":[20,1],"6":[1,19],"7":[1,18],"8":[3,0],"9":[0,3],"10":[0,0],"11":[2,1],"12":[0,2],"13":[2,1],"14":[0,2],"15":[1,0],"16":[1,0],"17":[0,0]},"f":{"1":21,"2":27,"3":7,"4":20,"5":0,"6":0,"7":0,"8":1,"9":0,"10":1},"fnMap":{"1":{"name":"notListed","line":50,"loc":{"start":{"line":50,"column":2},"end":{"line":60,"column":2}}},"2":{"name":"isOwner","line":62,"loc":{"start":{"line":62,"column":2},"end":{"line":73,"column":2}}},"3":{"name":"isListed","line":75,"loc":{"start":{"line":75,"column":2},"end":{"line":81,"column":2}}},"4":{"name":"listItem","line":96,"loc":{"start":{"line":89,"column":2},"end":{"line":106,"column":2}}},"5":{"name":"buyItem","line":113,"loc":{"start":{"line":109,"column":2},"end":{"line":138,"column":2}}},"6":{"name":"cancelListing","line":143,"loc":{"start":{"line":140,"column":2},"end":{"line":147,"column":2}}},"7":{"name":"updateListing","line":156,"loc":{"start":{"line":149,"column":2},"end":{"line":160,"column":2}}},"8":{"name":"withdrawProceeds","line":162,"loc":{"start":{"line":162,"column":2},"end":{"line":172,"column":2}}},"9":{"name":"getListing","line":174,"loc":{"start":{"line":174,"column":2},"end":{"line":180,"column":2}}},"10":{"name":"getProceeds","line":182,"loc":{"start":{"line":182,"column":2},"end":{"line":184,"column":2}}}},"statementMap":{"1":{"start":{"line":55,"column":4},"end":{"line":55,"column":60}},"2":{"start":{"line":56,"column":4},"end":{"line":56,"column":1588}},"3":{"start":{"line":67,"column":4},"end":{"line":67,"column":37}},"4":{"start":{"line":68,"column":4},"end":{"line":68,"column":40}},"5":{"start":{"line":69,"column":4},"end":{"line":69,"column":1872}},"6":{"start":{"line":76,"column":4},"end":{"line":76,"column":60}},"7":{"start":{"line":77,"column":4},"end":{"line":77,"column":2080}},"8":{"start":{"line":98,"column":4},"end":{"line":98,"column":2599}},"9":{"start":{"line":101,"column":4},"end":{"line":101,"column":37}},"10":{"start":{"line":102,"column":4},"end":{"line":102,"column":2719}},"11":{"start":{"line":105,"column":4},"end":{"line":105,"column":75}},"12":{"start":{"line":116,"column":4},"end":{"line":116,"column":3133}},"13":{"start":{"line":127,"column":4},"end":{"line":127,"column":3513}},"14":{"start":{"line":132,"column":4},"end":{"line":132,"column":3641}},"15":{"start":{"line":146,"column":4},"end":{"line":146,"column":71}},"16":{"start":{"line":159,"column":4},"end":{"line":159,"column":78}},"17":{"start":{"line":163,"column":4},"end":{"line":163,"column":45}},"18":{"start":{"line":164,"column":4},"end":{"line":164,"column":4482}},"19":{"start":{"line":168,"column":4},"end":{"line":168,"column":70}},"20":{"start":{"line":169,"column":4},"end":{"line":169,"column":4660}},"21":{"start":{"line":179,"column":4},"end":{"line":179,"column":42}},"22":{"start":{"line":183,"column":4},"end":{"line":183,"column":29}}},"branchMap":{"1":{"line":56,"type":"if","locations":[{"start":{"line":56,"column":4},"end":{"line":56,"column":4}},{"start":{"line":56,"column":4},"end":{"line":56,"column":4}}]},"2":{"line":69,"type":"if","locations":[{"start":{"line":69,"column":4},"end":{"line":69,"column":4}},{"start":{"line":69,"column":4},"end":{"line":69,"column":4}}]},"3":{"line":77,"type":"if","locations":[{"start":{"line":77,"column":4},"end":{"line":77,"column":4}},{"start":{"line":77,"column":4},"end":{"line":77,"column":4}}]},"4":{"line":95,"type":"if","locations":[{"start":{"line":95,"column":4},"end":{"line":95,"column":4}},{"start":{"line":95,"column":4},"end":{"line":95,"column":4}}]},"5":{"line":96,"type":"if","locations":[{"start":{"line":96,"column":4},"end":{"line":96,"column":4}},{"start":{"line":96,"column":4},"end":{"line":96,"column":4}}]},"6":{"line":98,"type":"if","locations":[{"start":{"line":98,"column":4},"end":{"line":98,"column":4}},{"start":{"line":98,"column":4},"end":{"line":98,"column":4}}]},"7":{"line":102,"type":"if","locations":[{"start":{"line":102,"column":4},"end":{"line":102,"column":4}},{"start":{"line":102,"column":4},"end":{"line":102,"column":4}}]},"8":{"line":112,"type":"if","locations":[{"start":{"line":112,"column":4},"end":{"line":112,"column":4}},{"start":{"line":112,"column":4},"end":{"line":112,"column":4}}]},"9":{"line":113,"type":"if","locations":[{"start":{"line":113,"column":4},"end":{"line":113,"column":4}},{"start":{"line":113,"column":4},"end":{"line":113,"column":4}}]},"10":{"line":116,"type":"if","locations":[{"start":{"line":116,"column":4},"end":{"line":116,"column":4}},{"start":{"line":116,"column":4},"end":{"line":116,"column":4}}]},"11":{"line":142,"type":"if","locations":[{"start":{"line":142,"column":4},"end":{"line":142,"column":4}},{"start":{"line":142,"column":4},"end":{"line":142,"column":4}}]},"12":{"line":143,"type":"if","locations":[{"start":{"line":143,"column":4},"end":{"line":143,"column":4}},{"start":{"line":143,"column":4},"end":{"line":143,"column":4}}]},"13":{"line":155,"type":"if","locations":[{"start":{"line":155,"column":4},"end":{"line":155,"column":4}},{"start":{"line":155,"column":4},"end":{"line":155,"column":4}}]},"14":{"line":156,"type":"if","locations":[{"start":{"line":156,"column":4},"end":{"line":156,"column":4}},{"start":{"line":156,"column":4},"end":{"line":156,"column":4}}]},"15":{"line":162,"type":"if","locations":[{"start":{"line":162,"column":39},"end":{"line":162,"column":39}},{"start":{"line":162,"column":39},"end":{"line":162,"column":39}}]},"16":{"line":164,"type":"if","locations":[{"start":{"line":164,"column":4},"end":{"line":164,"column":4}},{"start":{"line":164,"column":4},"end":{"line":164,"column":4}}]},"17":{"line":169,"type":"if","locations":[{"start":{"line":169,"column":4},"end":{"line":169,"column":4}},{"start":{"line":169,"column":4},"end":{"line":169,"column":4}}]}}},"contracts/test/unit/BasicNft.sol":{"l":{"14":3,"18":47,"19":47,"20":47,"24":0,"25":0,"29":2},"path":"/home/kostis/demos/hardhat-nft-marketplace-fcc/contracts/test/unit/BasicNft.sol","s":{"1":47,"2":47,"3":0,"4":0,"5":2},"b":{"1":[0,0]},"f":{"1":3,"2":47,"3":0,"4":2},"fnMap":{"1":{"name":"constructor","line":13,"loc":{"start":{"line":13,"column":4},"end":{"line":15,"column":4}}},"2":{"name":"mintNft","line":17,"loc":{"start":{"line":17,"column":4},"end":{"line":21,"column":4}}},"3":{"name":"tokenURI","line":23,"loc":{"start":{"line":23,"column":4},"end":{"line":26,"column":4}}},"4":{"name":"getTokenCounter","line":28,"loc":{"start":{"line":28,"column":4},"end":{"line":30,"column":4}}}},"statementMap":{"1":{"start":{"line":18,"column":8},"end":{"line":18,"column":44}},"2":{"start":{"line":19,"column":8},"end":{"line":19,"column":38}},"3":{"start":{"line":24,"column":8},"end":{"line":24,"column":83}},"4":{"start":{"line":25,"column":8},"end":{"line":25,"column":24}},"5":{"start":{"line":29,"column":8},"end":{"line":29,"column":29}}},"branchMap":{"1":{"line":24,"type":"if","locations":[{"start":{"line":24,"column":8},"end":{"line":24,"column":8}},{"start":{"line":24,"column":8},"end":{"line":24,"column":8}}]}}},"contracts/test/unit/BasicNftTwo.sol":{"l":{"13":3,"17":0,"18":0,"19":0,"23":0,"24":0,"28":0},"path":"/home/kostis/demos/hardhat-nft-marketplace-fcc/contracts/test/unit/BasicNftTwo.sol","s":{"1":0,"2":0,"3":0,"4":0,"5":0},"b":{"1":[0,0]},"f":{"1":3,"2":0,"3":0,"4":0},"fnMap":{"1":{"name":"constructor","line":12,"loc":{"start":{"line":12,"column":4},"end":{"line":14,"column":4}}},"2":{"name":"mintNft","line":16,"loc":{"start":{"line":16,"column":4},"end":{"line":20,"column":4}}},"3":{"name":"tokenURI","line":22,"loc":{"start":{"line":22,"column":4},"end":{"line":25,"column":4}}},"4":{"name":"getTokenCounter","line":27,"loc":{"start":{"line":27,"column":4},"end":{"line":29,"column":4}}}},"statementMap":{"1":{"start":{"line":17,"column":8},"end":{"line":17,"column":44}},"2":{"start":{"line":18,"column":8},"end":{"line":18,"column":38}},"3":{"start":{"line":23,"column":8},"end":{"line":23,"column":83}},"4":{"start":{"line":24,"column":8},"end":{"line":24,"column":24}},"5":{"start":{"line":28,"column":8},"end":{"line":28,"column":29}}},"branchMap":{"1":{"line":23,"type":"if","locations":[{"start":{"line":23,"column":8},"end":{"line":23,"column":8}},{"start":{"line":23,"column":8},"end":{"line":23,"column":8}}]}}}}