{"contracts/NftMarketplace.sol":{"l":{"54":21,"55":21,"56":1,"58":20,"66":26,"67":26,"68":26,"69":3,"71":23,"75":8,"76":8,"77":3,"79":5,"97":19,"98":1,"100":18,"101":18,"102":1,"104":17,"105":17,"115":3,"116":3,"117":1,"123":2,"124":2,"125":2,"130":2,"138":1,"139":1,"151":1,"152":1,"156":2,"157":2,"158":1,"160":1,"161":1,"162":1,"163":0,"172":1,"176":4},"path":"/home/kostis/demos/hardhat-nft-marketplace-fcc/contracts/NftMarketplace.sol","s":{"1":21,"2":21,"3":26,"4":26,"5":26,"6":8,"7":8,"8":19,"9":18,"10":18,"11":17,"12":3,"13":3,"14":2,"15":2,"16":1,"17":1,"18":2,"19":2,"20":1,"21":1,"22":1,"23":4},"b":{"1":[1,20],"2":[3,23],"3":[3,5],"4":[20,1],"5":[19,1],"6":[1,18],"7":[1,17],"8":[4,0],"9":[3,1],"10":[1,2],"11":[2,1],"12":[1,1],"13":[2,1],"14":[1,1],"15":[2,0],"16":[1,1],"17":[0,1]},"f":{"1":21,"2":26,"3":8,"4":19,"5":3,"6":1,"7":1,"8":2,"9":1,"10":4},"fnMap":{"1":{"name":"notListed","line":49,"loc":{"start":{"line":49,"column":2},"end":{"line":59,"column":2}}},"2":{"name":"isOwner","line":61,"loc":{"start":{"line":61,"column":2},"end":{"line":72,"column":2}}},"3":{"name":"isListed","line":74,"loc":{"start":{"line":74,"column":2},"end":{"line":80,"column":2}}},"4":{"name":"listItem","line":95,"loc":{"start":{"line":88,"column":2},"end":{"line":106,"column":2}}},"5":{"name":"buyItem","line":113,"loc":{"start":{"line":109,"column":2},"end":{"line":131,"column":2}}},"6":{"name":"cancelListing","line":136,"loc":{"start":{"line":133,"column":2},"end":{"line":140,"column":2}}},"7":{"name":"updateListing","line":149,"loc":{"start":{"line":142,"column":2},"end":{"line":153,"column":2}}},"8":{"name":"withdrawProceeds","line":155,"loc":{"start":{"line":155,"column":2},"end":{"line":165,"column":2}}},"9":{"name":"getListing","line":167,"loc":{"start":{"line":167,"column":2},"end":{"line":173,"column":2}}},"10":{"name":"getProceeds","line":175,"loc":{"start":{"line":175,"column":2},"end":{"line":177,"column":2}}}},"statementMap":{"1":{"start":{"line":54,"column":4},"end":{"line":54,"column":60}},"2":{"start":{"line":55,"column":4},"end":{"line":55,"column":1578}},"3":{"start":{"line":66,"column":4},"end":{"line":66,"column":37}},"4":{"start":{"line":67,"column":4},"end":{"line":67,"column":40}},"5":{"start":{"line":68,"column":4},"end":{"line":68,"column":1862}},"6":{"start":{"line":75,"column":4},"end":{"line":75,"column":60}},"7":{"start":{"line":76,"column":4},"end":{"line":76,"column":2070}},"8":{"start":{"line":97,"column":4},"end":{"line":97,"column":2592}},"9":{"start":{"line":100,"column":4},"end":{"line":100,"column":37}},"10":{"start":{"line":101,"column":4},"end":{"line":101,"column":2712}},"11":{"start":{"line":105,"column":4},"end":{"line":105,"column":75}},"12":{"start":{"line":115,"column":4},"end":{"line":115,"column":63}},"13":{"start":{"line":116,"column":4},"end":{"line":116,"column":3190}},"14":{"start":{"line":125,"column":4},"end":{"line":125,"column":3495}},"15":{"start":{"line":130,"column":4},"end":{"line":130,"column":70}},"16":{"start":{"line":139,"column":4},"end":{"line":139,"column":71}},"17":{"start":{"line":152,"column":4},"end":{"line":152,"column":78}},"18":{"start":{"line":156,"column":4},"end":{"line":156,"column":45}},"19":{"start":{"line":157,"column":4},"end":{"line":157,"column":4392}},"20":{"start":{"line":161,"column":4},"end":{"line":161,"column":70}},"21":{"start":{"line":162,"column":4},"end":{"line":162,"column":4570}},"22":{"start":{"line":172,"column":4},"end":{"line":172,"column":42}},"23":{"start":{"line":176,"column":4},"end":{"line":176,"column":29}}},"branchMap":{"1":{"line":55,"type":"if","locations":[{"start":{"line":55,"column":4},"end":{"line":55,"column":4}},{"start":{"line":55,"column":4},"end":{"line":55,"column":4}}]},"2":{"line":68,"type":"if","locations":[{"start":{"line":68,"column":4},"end":{"line":68,"column":4}},{"start":{"line":68,"column":4},"end":{"line":68,"column":4}}]},"3":{"line":76,"type":"if","locations":[{"start":{"line":76,"column":4},"end":{"line":76,"column":4}},{"start":{"line":76,"column":4},"end":{"line":76,"column":4}}]},"4":{"line":94,"type":"if","locations":[{"start":{"line":94,"column":4},"end":{"line":94,"column":4}},{"start":{"line":94,"column":4},"end":{"line":94,"column":4}}]},"5":{"line":95,"type":"if","locations":[{"start":{"line":95,"column":4},"end":{"line":95,"column":4}},{"start":{"line":95,"column":4},"end":{"line":95,"column":4}}]},"6":{"line":97,"type":"if","locations":[{"start":{"line":97,"column":4},"end":{"line":97,"column":4}},{"start":{"line":97,"column":4},"end":{"line":97,"column":4}}]},"7":{"line":101,"type":"if","locations":[{"start":{"line":101,"column":4},"end":{"line":101,"column":4}},{"start":{"line":101,"column":4},"end":{"line":101,"column":4}}]},"8":{"line":112,"type":"if","locations":[{"start":{"line":112,"column":4},"end":{"line":112,"column":4}},{"start":{"line":112,"column":4},"end":{"line":112,"column":4}}]},"9":{"line":113,"type":"if","locations":[{"start":{"line":113,"column":4},"end":{"line":113,"column":4}},{"start":{"line":113,"column":4},"end":{"line":113,"column":4}}]},"10":{"line":116,"type":"if","locations":[{"start":{"line":116,"column":4},"end":{"line":116,"column":4}},{"start":{"line":116,"column":4},"end":{"line":116,"column":4}}]},"11":{"line":135,"type":"if","locations":[{"start":{"line":135,"column":4},"end":{"line":135,"column":4}},{"start":{"line":135,"column":4},"end":{"line":135,"column":4}}]},"12":{"line":136,"type":"if","locations":[{"start":{"line":136,"column":4},"end":{"line":136,"column":4}},{"start":{"line":136,"column":4},"end":{"line":136,"column":4}}]},"13":{"line":148,"type":"if","locations":[{"start":{"line":148,"column":4},"end":{"line":148,"column":4}},{"start":{"line":148,"column":4},"end":{"line":148,"column":4}}]},"14":{"line":149,"type":"if","locations":[{"start":{"line":149,"column":4},"end":{"line":149,"column":4}},{"start":{"line":149,"column":4},"end":{"line":149,"column":4}}]},"15":{"line":155,"type":"if","locations":[{"start":{"line":155,"column":39},"end":{"line":155,"column":39}},{"start":{"line":155,"column":39},"end":{"line":155,"column":39}}]},"16":{"line":157,"type":"if","locations":[{"start":{"line":157,"column":4},"end":{"line":157,"column":4}},{"start":{"line":157,"column":4},"end":{"line":157,"column":4}}]},"17":{"line":162,"type":"if","locations":[{"start":{"line":162,"column":4},"end":{"line":162,"column":4}},{"start":{"line":162,"column":4},"end":{"line":162,"column":4}}]}}},"contracts/test/BasicNft.sol":{"l":{"14":3,"18":47,"19":47,"20":47,"29":0,"33":0,"37":2},"path":"/home/kostis/demos/hardhat-nft-marketplace-fcc/contracts/test/BasicNft.sol","s":{"1":47,"2":47,"3":0,"4":0,"5":2},"b":{"1":[0,0]},"f":{"1":3,"2":47,"3":0,"4":2},"fnMap":{"1":{"name":"constructor","line":13,"loc":{"start":{"line":13,"column":2},"end":{"line":15,"column":2}}},"2":{"name":"mintNft","line":17,"loc":{"start":{"line":17,"column":2},"end":{"line":21,"column":2}}},"3":{"name":"tokenURI","line":23,"loc":{"start":{"line":23,"column":2},"end":{"line":34,"column":2}}},"4":{"name":"getTokenCounter","line":36,"loc":{"start":{"line":36,"column":2},"end":{"line":38,"column":2}}}},"statementMap":{"1":{"start":{"line":18,"column":4},"end":{"line":18,"column":40}},"2":{"start":{"line":19,"column":4},"end":{"line":19,"column":34}},"3":{"start":{"line":29,"column":4},"end":{"line":29,"column":694}},"4":{"start":{"line":33,"column":4},"end":{"line":33,"column":20}},"5":{"start":{"line":37,"column":4},"end":{"line":37,"column":25}}},"branchMap":{"1":{"line":29,"type":"if","locations":[{"start":{"line":29,"column":4},"end":{"line":29,"column":4}},{"start":{"line":29,"column":4},"end":{"line":29,"column":4}}]}}}}