TN:
SF:/home/kostis/demos/hardhat-nft-marketplace-fcc/contracts/NftMarketplace.sol
FN:49,notListed
FN:61,isOwner
FN:74,isListed
FN:95,listItem
FN:113,buyItem
FN:136,cancelListing
FN:149,updateListing
FN:155,withdrawProceeds
FN:167,getListing
FN:175,getProceeds
FNF:10
FNH:10
FNDA:21,notListed
FNDA:26,isOwner
FNDA:8,isListed
FNDA:19,listItem
FNDA:3,buyItem
FNDA:1,cancelListing
FNDA:1,updateListing
FNDA:2,withdrawProceeds
FNDA:1,getListing
FNDA:4,getProceeds
DA:54,21
DA:55,21
DA:56,1
DA:58,20
DA:66,26
DA:67,26
DA:68,26
DA:69,3
DA:71,23
DA:75,8
DA:76,8
DA:77,3
DA:79,5
DA:97,19
DA:98,1
DA:100,18
DA:101,18
DA:102,1
DA:104,17
DA:105,17
DA:115,3
DA:116,3
DA:117,1
DA:123,2
DA:124,2
DA:125,2
DA:130,2
DA:138,1
DA:139,1
DA:151,1
DA:152,1
DA:156,2
DA:157,2
DA:158,1
DA:160,1
DA:161,1
DA:162,1
DA:163,0
DA:172,1
DA:176,4
LF:40
LH:39
BRDA:55,1,0,1
BRDA:55,1,1,20
BRDA:68,2,0,3
BRDA:68,2,1,23
BRDA:76,3,0,3
BRDA:76,3,1,5
BRDA:94,4,0,20
BRDA:94,4,1,1
BRDA:95,5,0,19
BRDA:95,5,1,1
BRDA:97,6,0,1
BRDA:97,6,1,18
BRDA:101,7,0,1
BRDA:101,7,1,17
BRDA:112,8,0,4
BRDA:112,8,1,0
BRDA:113,9,0,3
BRDA:113,9,1,1
BRDA:116,10,0,1
BRDA:116,10,1,2
BRDA:135,11,0,2
BRDA:135,11,1,1
BRDA:136,12,0,1
BRDA:136,12,1,1
BRDA:148,13,0,2
BRDA:148,13,1,1
BRDA:149,14,0,1
BRDA:149,14,1,1
BRDA:155,15,0,2
BRDA:155,15,1,0
BRDA:157,16,0,1
BRDA:157,16,1,1
BRDA:162,17,0,0
BRDA:162,17,1,1
BRF:34
BRH:31
end_of_record
TN:
SF:/home/kostis/demos/hardhat-nft-marketplace-fcc/contracts/test/BasicNft.sol
FN:13,constructor
FN:17,mintNft
FN:23,tokenURI
FN:36,getTokenCounter
FNF:4
FNH:3
FNDA:3,constructor
FNDA:47,mintNft
FNDA:0,tokenURI
FNDA:2,getTokenCounter
DA:14,3
DA:18,47
DA:19,47
DA:20,47
DA:29,0
DA:33,0
DA:37,2
LF:7
LH:5
BRDA:29,1,0,0
BRDA:29,1,1,0
BRF:2
BRH:0
end_of_record
